<?xml version="1.0" encoding="UTF-8"?>
<testng-results skipped="0" failed="1" ignored="0" total="11" passed="10">
  <reporter-output>
  </reporter-output>
  <suite name="Surefire suite" duration-ms="448777" started-at="2019-04-30T15:43:38 EDT" finished-at="2019-04-30T15:51:07 EDT">
    <groups>
    </groups>
    <test name="Surefire test" duration-ms="448777" started-at="2019-04-30T15:43:38 EDT" finished-at="2019-04-30T15:51:07 EDT">
      <class name="com.fb.qa.testcases.HomePageTest">
        <test-method status="PASS" signature="setUp()[pri:0, instance:com.fb.qa.testcases.HomePageTest@62ee68d8]" name="setUp" is-config="true" duration-ms="20932" started-at="2019-04-30T15:44:33 EDT" finished-at="2019-04-30T15:44:53 EDT">
          <reporter-output>
          </reporter-output>
        </test-method> <!-- setUp -->
        <test-method status="PASS" signature="verifyHomePageTitleTest()[pri:1, instance:com.fb.qa.testcases.HomePageTest@62ee68d8]" name="verifyHomePageTitleTest" duration-ms="100" started-at="2019-04-30T15:44:53 EDT" finished-at="2019-04-30T15:44:54 EDT">
          <reporter-output>
          </reporter-output>
        </test-method> <!-- verifyHomePageTitleTest -->
        <test-method status="PASS" signature="tearDown()[pri:0, instance:com.fb.qa.testcases.HomePageTest@62ee68d8]" name="tearDown" is-config="true" duration-ms="1464" started-at="2019-04-30T15:44:54 EDT" finished-at="2019-04-30T15:44:55 EDT">
          <reporter-output>
          </reporter-output>
        </test-method> <!-- tearDown -->
        <test-method status="PASS" signature="setUp()[pri:0, instance:com.fb.qa.testcases.HomePageTest@62ee68d8]" name="setUp" is-config="true" duration-ms="21486" started-at="2019-04-30T15:44:55 EDT" finished-at="2019-04-30T15:45:16 EDT">
          <reporter-output>
          </reporter-output>
        </test-method> <!-- setUp -->
        <test-method status="PASS" signature="verifyUserNameTest()[pri:2, instance:com.fb.qa.testcases.HomePageTest@62ee68d8]" name="verifyUserNameTest" duration-ms="231" started-at="2019-04-30T15:45:16 EDT" finished-at="2019-04-30T15:45:17 EDT">
          <reporter-output>
          </reporter-output>
        </test-method> <!-- verifyUserNameTest -->
        <test-method status="PASS" signature="tearDown()[pri:0, instance:com.fb.qa.testcases.HomePageTest@62ee68d8]" name="tearDown" is-config="true" duration-ms="1065" started-at="2019-04-30T15:45:17 EDT" finished-at="2019-04-30T15:45:18 EDT">
          <reporter-output>
          </reporter-output>
        </test-method> <!-- tearDown -->
        <test-method status="PASS" signature="setUp()[pri:0, instance:com.fb.qa.testcases.HomePageTest@62ee68d8]" name="setUp" is-config="true" duration-ms="21249" started-at="2019-04-30T15:45:18 EDT" finished-at="2019-04-30T15:45:39 EDT">
          <reporter-output>
          </reporter-output>
        </test-method> <!-- setUp -->
        <test-method status="PASS" signature="verifyContactsLinkTest()[pri:3, instance:com.fb.qa.testcases.HomePageTest@62ee68d8]" name="verifyContactsLinkTest" duration-ms="6399" started-at="2019-04-30T15:45:39 EDT" finished-at="2019-04-30T15:45:45 EDT">
          <reporter-output>
          </reporter-output>
        </test-method> <!-- verifyContactsLinkTest -->
        <test-method status="PASS" signature="tearDown()[pri:0, instance:com.fb.qa.testcases.HomePageTest@62ee68d8]" name="tearDown" is-config="true" duration-ms="1145" started-at="2019-04-30T15:45:45 EDT" finished-at="2019-04-30T15:45:47 EDT">
          <reporter-output>
          </reporter-output>
        </test-method> <!-- tearDown -->
        <test-method status="PASS" signature="setUp()[pri:0, instance:com.fb.qa.testcases.HomePageTest@62ee68d8]" name="setUp" is-config="true" duration-ms="23439" started-at="2019-04-30T15:45:47 EDT" finished-at="2019-04-30T15:46:10 EDT">
          <reporter-output>
          </reporter-output>
        </test-method> <!-- setUp -->
        <test-method status="PASS" signature="verifyMarketListTest()[pri:4, instance:com.fb.qa.testcases.HomePageTest@62ee68d8]" name="verifyMarketListTest" duration-ms="6268" started-at="2019-04-30T15:46:10 EDT" finished-at="2019-04-30T15:46:16 EDT">
          <reporter-output>
          </reporter-output>
        </test-method> <!-- verifyMarketListTest -->
        <test-method status="PASS" signature="tearDown()[pri:0, instance:com.fb.qa.testcases.HomePageTest@62ee68d8]" name="tearDown" is-config="true" duration-ms="1013" started-at="2019-04-30T15:46:16 EDT" finished-at="2019-04-30T15:46:17 EDT">
          <reporter-output>
          </reporter-output>
        </test-method> <!-- tearDown -->
      </class> <!-- com.fb.qa.testcases.HomePageTest -->
      <class name="com.fb.qa.testcases.MarketTest">
        <test-method status="PASS" signature="setUp()[pri:0, instance:com.fb.qa.testcases.MarketTest@58651fd0]" name="setUp" is-config="true" duration-ms="19903" started-at="2019-04-30T15:47:35 EDT" finished-at="2019-04-30T15:47:55 EDT">
          <reporter-output>
          </reporter-output>
        </test-method> <!-- setUp -->
        <test-method status="PASS" signature="verifyMarketPage(java.lang.String, java.lang.String, java.lang.String, java.lang.String)[pri:0, instance:com.fb.qa.testcases.MarketTest@58651fd0]" name="verifyMarketPage" duration-ms="51279" started-at="2019-04-30T15:47:55 EDT" data-provider="getFacebookTestData" finished-at="2019-04-30T15:48:46 EDT">
          <params>
            <param index="0">
              <value>
                <![CDATA[sofa]]>
              </value>
            </param>
            <param index="1">
              <value>
                <![CDATA[20.0]]>
              </value>
            </param>
            <param index="2">
              <value>
                <![CDATA[150.0]]>
              </value>
            </param>
            <param index="3">
              <value>
                <![CDATA[Farmington Hills, Michigan]]>
              </value>
            </param>
          </params>
          <reporter-output>
          </reporter-output>
        </test-method> <!-- verifyMarketPage -->
        <test-method status="PASS" signature="tearDown()[pri:0, instance:com.fb.qa.testcases.MarketTest@58651fd0]" name="tearDown" is-config="true" duration-ms="1001" started-at="2019-04-30T15:48:46 EDT" finished-at="2019-04-30T15:48:47 EDT">
          <reporter-output>
          </reporter-output>
        </test-method> <!-- tearDown -->
        <test-method status="PASS" signature="setUp()[pri:0, instance:com.fb.qa.testcases.MarketTest@58651fd0]" name="setUp" is-config="true" duration-ms="22446" started-at="2019-04-30T15:48:47 EDT" finished-at="2019-04-30T15:49:10 EDT">
          <reporter-output>
          </reporter-output>
        </test-method> <!-- setUp -->
        <test-method status="PASS" signature="verifyMarketPage(java.lang.String, java.lang.String, java.lang.String, java.lang.String)[pri:0, instance:com.fb.qa.testcases.MarketTest@58651fd0]" name="verifyMarketPage" duration-ms="46116" started-at="2019-04-30T15:49:10 EDT" data-provider="getFacebookTestData" finished-at="2019-04-30T15:49:56 EDT">
          <params>
            <param index="0">
              <value>
                <![CDATA[watch ]]>
              </value>
            </param>
            <param index="1">
              <value>
                <![CDATA[30.0]]>
              </value>
            </param>
            <param index="2">
              <value>
                <![CDATA[50.0]]>
              </value>
            </param>
            <param index="3">
              <value>
                <![CDATA[Fords,New Jersey]]>
              </value>
            </param>
          </params>
          <reporter-output>
          </reporter-output>
        </test-method> <!-- verifyMarketPage -->
        <test-method status="PASS" signature="tearDown()[pri:0, instance:com.fb.qa.testcases.MarketTest@58651fd0]" name="tearDown" is-config="true" duration-ms="1082" started-at="2019-04-30T15:49:56 EDT" finished-at="2019-04-30T15:49:57 EDT">
          <reporter-output>
          </reporter-output>
        </test-method> <!-- tearDown -->
        <test-method status="PASS" signature="setUp()[pri:0, instance:com.fb.qa.testcases.MarketTest@58651fd0]" name="setUp" is-config="true" duration-ms="23839" started-at="2019-04-30T15:49:57 EDT" finished-at="2019-04-30T15:50:21 EDT">
          <reporter-output>
          </reporter-output>
        </test-method> <!-- setUp -->
        <test-method status="PASS" signature="verifyMarketPage(java.lang.String, java.lang.String, java.lang.String, java.lang.String)[pri:0, instance:com.fb.qa.testcases.MarketTest@58651fd0]" name="verifyMarketPage" duration-ms="45028" started-at="2019-04-30T15:50:21 EDT" data-provider="getFacebookTestData" finished-at="2019-04-30T15:51:06 EDT">
          <params>
            <param index="0">
              <value>
                <![CDATA[Table ]]>
              </value>
            </param>
            <param index="1">
              <value>
                <![CDATA[0.0]]>
              </value>
            </param>
            <param index="2">
              <value>
                <![CDATA[10.0]]>
              </value>
            </param>
            <param index="3">
              <value>
                <![CDATA[Austin,Texas]]>
              </value>
            </param>
          </params>
          <reporter-output>
          </reporter-output>
        </test-method> <!-- verifyMarketPage -->
        <test-method status="PASS" signature="tearDown()[pri:0, instance:com.fb.qa.testcases.MarketTest@58651fd0]" name="tearDown" is-config="true" duration-ms="1107" started-at="2019-04-30T15:51:06 EDT" finished-at="2019-04-30T15:51:07 EDT">
          <reporter-output>
          </reporter-output>
        </test-method> <!-- tearDown -->
      </class> <!-- com.fb.qa.testcases.MarketTest -->
      <class name="com.fb.qa.testcases.FindFriendsTest">
        <test-method status="PASS" signature="setUp()[pri:0, instance:com.fb.qa.testcases.FindFriendsTest@9629756]" name="setUp" is-config="true" duration-ms="52955" started-at="2019-04-30T15:43:38 EDT" finished-at="2019-04-30T15:44:31 EDT">
          <reporter-output>
          </reporter-output>
        </test-method> <!-- setUp -->
        <test-method status="PASS" signature="verifyContactsPageLabel()[pri:0, instance:com.fb.qa.testcases.FindFriendsTest@9629756]" name="verifyContactsPageLabel" duration-ms="308" started-at="2019-04-30T15:44:31 EDT" finished-at="2019-04-30T15:44:31 EDT">
          <reporter-output>
          </reporter-output>
        </test-method> <!-- verifyContactsPageLabel -->
        <test-method status="PASS" signature="tearDown()[pri:0, instance:com.fb.qa.testcases.FindFriendsTest@9629756]" name="tearDown" is-config="true" duration-ms="1087" started-at="2019-04-30T15:44:31 EDT" finished-at="2019-04-30T15:44:33 EDT">
          <reporter-output>
          </reporter-output>
        </test-method> <!-- tearDown -->
      </class> <!-- com.fb.qa.testcases.FindFriendsTest -->
      <class name="com.fb.qa.testcases.LoginPageTest">
        <test-method status="PASS" signature="setUp()[pri:0, instance:com.fb.qa.testcases.LoginPageTest@735b5592]" name="setUp" is-config="true" duration-ms="9857" started-at="2019-04-30T15:46:17 EDT" finished-at="2019-04-30T15:46:27 EDT">
          <reporter-output>
          </reporter-output>
        </test-method> <!-- setUp -->
        <test-method status="PASS" signature="loginPageTitleTest()[pri:1, instance:com.fb.qa.testcases.LoginPageTest@735b5592]" name="loginPageTitleTest" duration-ms="12" started-at="2019-04-30T15:46:27 EDT" finished-at="2019-04-30T15:46:27 EDT">
          <reporter-output>
          </reporter-output>
        </test-method> <!-- loginPageTitleTest -->
        <test-method status="PASS" signature="tearDown()[pri:0, instance:com.fb.qa.testcases.LoginPageTest@735b5592]" name="tearDown" is-config="true" duration-ms="753" started-at="2019-04-30T15:46:27 EDT" finished-at="2019-04-30T15:46:28 EDT">
          <reporter-output>
          </reporter-output>
        </test-method> <!-- tearDown -->
        <test-method status="PASS" signature="setUp()[pri:0, instance:com.fb.qa.testcases.LoginPageTest@735b5592]" name="setUp" is-config="true" duration-ms="6255" started-at="2019-04-30T15:46:28 EDT" finished-at="2019-04-30T15:46:34 EDT">
          <reporter-output>
          </reporter-output>
        </test-method> <!-- setUp -->
        <test-method status="FAIL" signature="fbLogoTest()[pri:2, instance:com.fb.qa.testcases.LoginPageTest@735b5592]" name="fbLogoTest" duration-ms="41050" started-at="2019-04-30T15:46:34 EDT" finished-at="2019-04-30T15:47:15 EDT">
          <exception class="org.openqa.selenium.NoSuchElementException">
            <message>
              <![CDATA[no such element: Unable to locate element: {"method":"css selector","selector":"a[title="Go to Facebook home"]"}
  (Session info: chrome=74.0.3729.108)
  (Driver info: chromedriver=72.0.3626.69 (3c16f8a135abc0d4da2dff33804db79b849a7c38),platform=Windows NT 10.0.17134 x86_64) (WARNING: The server did not provide any stacktrace information)
Command duration or timeout: 0 milliseconds
For documentation on this error, please visit: https://www.seleniumhq.org/exceptions/no_such_element.html
Build info: version: '3.141.59', revision: 'e82be7d358', time: '2018-11-14T08:17:03'
System info: host: 'MY-WINDOWS', ip: '192.168.0.143', os.name: 'Windows 10', os.arch: 'amd64', os.version: '10.0', java.version: '1.8.0_201'
Driver info: org.openqa.selenium.chrome.ChromeDriver
Capabilities {acceptInsecureCerts: false, acceptSslCerts: false, applicationCacheEnabled: false, browserConnectionEnabled: false, browserName: chrome, chrome: {chromedriverVersion: 72.0.3626.69 (3c16f8a135abc..., userDataDir: C:\Users\sunil\AppData\Loca...}, cssSelectorsEnabled: true, databaseEnabled: false, goog:chromeOptions: {debuggerAddress: localhost:53089}, handlesAlerts: true, hasTouchScreen: false, javascriptEnabled: true, locationContextEnabled: true, mobileEmulationEnabled: false, nativeEvents: true, networkConnectionEnabled: false, pageLoadStrategy: normal, platform: XP, platformName: XP, proxy: Proxy(), rotatable: false, setWindowRect: true, takesHeapSnapshot: true, takesScreenshot: true, timeouts: {implicit: 0, pageLoad: 300000, script: 30000}, unexpectedAlertBehaviour: ignore, unhandledPromptBehavior: ignore, version: 74.0.3729.108, webStorageEnabled: true}
Session ID: 88d79eb3ec9c00bdcba52cc8bde0fb7d
*** Element info: {Using=css selector, value=a[title="Go to Facebook home"]}]]>
            </message>
            <full-stacktrace>
              <![CDATA[org.openqa.selenium.NoSuchElementException: no such element: Unable to locate element: {"method":"css selector","selector":"a[title="Go to Facebook home"]"}
  (Session info: chrome=74.0.3729.108)
  (Driver info: chromedriver=72.0.3626.69 (3c16f8a135abc0d4da2dff33804db79b849a7c38),platform=Windows NT 10.0.17134 x86_64) (WARNING: The server did not provide any stacktrace information)
Command duration or timeout: 0 milliseconds
For documentation on this error, please visit: https://www.seleniumhq.org/exceptions/no_such_element.html
Build info: version: '3.141.59', revision: 'e82be7d358', time: '2018-11-14T08:17:03'
System info: host: 'MY-WINDOWS', ip: '192.168.0.143', os.name: 'Windows 10', os.arch: 'amd64', os.version: '10.0', java.version: '1.8.0_201'
Driver info: org.openqa.selenium.chrome.ChromeDriver
Capabilities {acceptInsecureCerts: false, acceptSslCerts: false, applicationCacheEnabled: false, browserConnectionEnabled: false, browserName: chrome, chrome: {chromedriverVersion: 72.0.3626.69 (3c16f8a135abc..., userDataDir: C:\Users\sunil\AppData\Loca...}, cssSelectorsEnabled: true, databaseEnabled: false, goog:chromeOptions: {debuggerAddress: localhost:53089}, handlesAlerts: true, hasTouchScreen: false, javascriptEnabled: true, locationContextEnabled: true, mobileEmulationEnabled: false, nativeEvents: true, networkConnectionEnabled: false, pageLoadStrategy: normal, platform: XP, platformName: XP, proxy: Proxy(), rotatable: false, setWindowRect: true, takesHeapSnapshot: true, takesScreenshot: true, timeouts: {implicit: 0, pageLoad: 300000, script: 30000}, unexpectedAlertBehaviour: ignore, unhandledPromptBehavior: ignore, version: 74.0.3729.108, webStorageEnabled: true}
Session ID: 88d79eb3ec9c00bdcba52cc8bde0fb7d
*** Element info: {Using=css selector, value=a[title="Go to Facebook home"]}
at sun.reflect.NativeConstructorAccessorImpl.newInstance0(Native Method)
at sun.reflect.NativeConstructorAccessorImpl.newInstance(NativeConstructorAccessorImpl.java:62)
at sun.reflect.DelegatingConstructorAccessorImpl.newInstance(DelegatingConstructorAccessorImpl.java:45)
at java.lang.reflect.Constructor.newInstance(Constructor.java:423)
at org.openqa.selenium.remote.ErrorHandler.createThrowable(ErrorHandler.java:214)
at org.openqa.selenium.remote.ErrorHandler.throwIfResponseFailed(ErrorHandler.java:166)
at org.openqa.selenium.remote.http.JsonHttpResponseCodec.reconstructValue(JsonHttpResponseCodec.java:40)
at org.openqa.selenium.remote.http.AbstractHttpResponseCodec.decode(AbstractHttpResponseCodec.java:80)
at org.openqa.selenium.remote.http.AbstractHttpResponseCodec.decode(AbstractHttpResponseCodec.java:44)
at org.openqa.selenium.remote.HttpCommandExecutor.execute(HttpCommandExecutor.java:158)
at org.openqa.selenium.remote.service.DriverCommandExecutor.execute(DriverCommandExecutor.java:83)
at org.openqa.selenium.remote.RemoteWebDriver.execute(RemoteWebDriver.java:552)
at org.openqa.selenium.remote.RemoteWebDriver.findElement(RemoteWebDriver.java:323)
at org.openqa.selenium.remote.RemoteWebDriver.findElementByCssSelector(RemoteWebDriver.java:420)
at org.openqa.selenium.By$ByCssSelector.findElement(By.java:431)
at org.openqa.selenium.remote.RemoteWebDriver.findElement(RemoteWebDriver.java:315)
at org.openqa.selenium.support.pagefactory.DefaultElementLocator.findElement(DefaultElementLocator.java:69)
at org.openqa.selenium.support.pagefactory.internal.LocatingElementHandler.invoke(LocatingElementHandler.java:38)
at com.sun.proxy.$Proxy8.isDisplayed(Unknown Source)
at com.fb.qa.pages.LoginPage.validateFbImage(LoginPage.java:34)
at com.fb.qa.testcases.LoginPageTest.fbLogoTest(LoginPageTest.java:36)
at sun.reflect.NativeMethodAccessorImpl.invoke0(Native Method)
at sun.reflect.NativeMethodAccessorImpl.invoke(NativeMethodAccessorImpl.java:62)
at sun.reflect.DelegatingMethodAccessorImpl.invoke(DelegatingMethodAccessorImpl.java:43)
at java.lang.reflect.Method.invoke(Method.java:498)
at org.testng.internal.MethodInvocationHelper.invokeMethod(MethodInvocationHelper.java:131)
at org.testng.internal.TestInvoker.invokeMethod(TestInvoker.java:570)
at org.testng.internal.TestInvoker.invokeTestMethod(TestInvoker.java:170)
at org.testng.internal.MethodRunner.runInSequence(MethodRunner.java:46)
at org.testng.internal.TestInvoker$MethodInvocationAgent.invoke(TestInvoker.java:790)
at org.testng.internal.TestInvoker.invokeTestMethods(TestInvoker.java:143)
at org.testng.internal.TestMethodWorker.invokeTestMethods(TestMethodWorker.java:146)
at org.testng.internal.TestMethodWorker.run(TestMethodWorker.java:128)
at org.testng.TestRunner.privateRun(TestRunner.java:763)
at org.testng.TestRunner.run(TestRunner.java:594)
at org.testng.SuiteRunner.runTest(SuiteRunner.java:398)
at org.testng.SuiteRunner.runSequentially(SuiteRunner.java:392)
at org.testng.SuiteRunner.privateRun(SuiteRunner.java:355)
at org.testng.SuiteRunner.run(SuiteRunner.java:304)
at org.testng.SuiteRunnerWorker.runSuite(SuiteRunnerWorker.java:53)
at org.testng.SuiteRunnerWorker.run(SuiteRunnerWorker.java:96)
at org.testng.TestNG.runSuitesSequentially(TestNG.java:1146)
at org.testng.TestNG.runSuitesLocally(TestNG.java:1067)
at org.testng.TestNG.runSuites(TestNG.java:997)
at org.testng.TestNG.run(TestNG.java:965)
at org.apache.maven.surefire.testng.TestNGExecutor.run(TestNGExecutor.java:132)
at org.apache.maven.surefire.testng.TestNGDirectoryTestSuite.executeMulti(TestNGDirectoryTestSuite.java:193)
at org.apache.maven.surefire.testng.TestNGDirectoryTestSuite.execute(TestNGDirectoryTestSuite.java:94)
at org.apache.maven.surefire.testng.TestNGProvider.invoke(TestNGProvider.java:147)
at org.apache.maven.surefire.booter.ForkedBooter.invokeProviderInSameClassLoader(ForkedBooter.java:290)
at org.apache.maven.surefire.booter.ForkedBooter.runSuitesInProcess(ForkedBooter.java:242)
at org.apache.maven.surefire.booter.ForkedBooter.main(ForkedBooter.java:121)
]]>
            </full-stacktrace>
          </exception> <!-- org.openqa.selenium.NoSuchElementException -->
          <reporter-output>
          </reporter-output>
        </test-method> <!-- fbLogoTest -->
        <test-method status="PASS" signature="tearDown()[pri:0, instance:com.fb.qa.testcases.LoginPageTest@735b5592]" name="tearDown" is-config="true" duration-ms="776" started-at="2019-04-30T15:47:15 EDT" finished-at="2019-04-30T15:47:16 EDT">
          <reporter-output>
          </reporter-output>
        </test-method> <!-- tearDown -->
        <test-method status="PASS" signature="setUp()[pri:0, instance:com.fb.qa.testcases.LoginPageTest@735b5592]" name="setUp" is-config="true" duration-ms="7077" started-at="2019-04-30T15:47:16 EDT" finished-at="2019-04-30T15:47:23 EDT">
          <reporter-output>
          </reporter-output>
        </test-method> <!-- setUp -->
        <test-method status="PASS" signature="LoginTest()[pri:3, instance:com.fb.qa.testcases.LoginPageTest@735b5592]" name="LoginTest" duration-ms="9802" started-at="2019-04-30T15:47:23 EDT" finished-at="2019-04-30T15:47:33 EDT">
          <reporter-output>
          </reporter-output>
        </test-method> <!-- LoginTest -->
        <test-method status="PASS" signature="tearDown()[pri:0, instance:com.fb.qa.testcases.LoginPageTest@735b5592]" name="tearDown" is-config="true" duration-ms="928" started-at="2019-04-30T15:47:33 EDT" finished-at="2019-04-30T15:47:34 EDT">
          <reporter-output>
          </reporter-output>
        </test-method> <!-- tearDown -->
      </class> <!-- com.fb.qa.testcases.LoginPageTest -->
    </test> <!-- Surefire test -->
  </suite> <!-- Surefire suite -->
</testng-results>
